[backblue.gif]
[fade.gif]
[index.html]
[www.themes247.net/html5/goodnews/icon/apple-touch-icon-144-precomposed.png]
[www.themes247.net/html5/goodnews/icon/apple-touch-icon-114-precomposed.png]
[www.themes247.net/html5/goodnews/icon/apple-touch-icon-72-precomposed.png]
[www.themes247.net/html5/goodnews/icon/apple-touch-icon-57-precomposed.png]
[www.themes247.net/html5/goodnews/icon/favicon.png]
[www.themes247.net/html5/goodnews/images/thumbs/11.jpg]
[www.themes247.net/html5/goodnews/images/thumbs/11-2.jpg]
[www.themes247.net/html5/goodnews/images/thumbs/11-3.jpg]
[www.themes247.net/html5/goodnews/images/thumbs/11-4.jpg]
[www.themes247.net/html5/goodnews/images/thumbs/11-5.jpg]
[www.themes247.net/html5/goodnews/images/thumbs/11-6.jpg]
[www.themes247.net/html5/goodnews/images/thumbs/9.jpg]
[www.themes247.net/html5/goodnews/images/thumbs/4.jpg]
[www.themes247.net/html5/goodnews/images/thumbs/4-2.jpg]
[www.themes247.net/html5/goodnews/images/thumbs/7.jpg]
[www.themes247.net/html5/goodnews/images/thumbs/7-3.jpg]
[www.themes247.net/html5/goodnews/images/thumbs/7-2.jpg]
[www.themes247.net/html5/goodnews/images/thumbs/7-4.jpg]
[www.themes247.net/html5/goodnews/images/thumbs/3.jpg]
[www.themes247.net/html5/goodnews/images/thumbs/3-2.jpg]
[www.themes247.net/html5/goodnews/images/thumbs/3-3.jpg]
[www.themes247.net/html5/goodnews/images/thumbs/8.jpg]
[www.themes247.net/html5/goodnews/images/thumbs/2.jpg]
[www.themes247.net/html5/goodnews/images/thumbs/2-2.jpg]
[www.themes247.net/html5/goodnews/images/thumbs/2-3.jpg]
[www.themes247.net/html5/goodnews/images/thumbs/2-4.jpg]
[www.themes247.net/html5/goodnews/images/thumbs/2-5.jpg]
[www.themes247.net/html5/goodnews/images/thumbs/2-6.jpg]
[www.themes247.net/html5/goodnews/images/ad.jpg]
[www.themes247.net/html5/goodnews/images/user.jpg]
[www.themes247.net/html5/goodnews/images/thumbs/1.jpg]
[www.themes247.net/html5/goodnews/images/thumbs/1-2.jpg]
[www.themes247.net/html5/goodnews/images/thumbs/1-3.jpg]
[www.themes247.net/html5/goodnews/images/thumbs/1-4.jpg]
[www.themes247.net/html5/goodnews/images/thumbs/1-5.jpg]
[www.themes247.net/html5/goodnews/images/slider/1.jpg]
[www.themes247.net/html5/goodnews/images/slider/2.jpg]
[www.themes247.net/html5/goodnews/images/slider/3.jpg]
[www.themes247.net/html5/goodnews/images/thumbs/5.jpg]
[www.themes247.net/html5/goodnews/images/thumbs/5-2.jpg]
[www.themes247.net/html5/goodnews/images/thumbs/5-3.jpg]
[www.themes247.net/html5/goodnews/images/thumbs/5-4.jpg]
[www.themes247.net/html5/goodnews/images/thumbs/6.jpg]
[www.themes247.net/html5/goodnews/images/thumbs/6-2.jpg]
[www.themes247.net/html5/goodnews/images/thumbs/6-3.jpg]
[www.themes247.net/html5/goodnews/images/thumbs/6-4.jpg]
[www.themes247.net/html5/goodnews/javascript/jquery.min.js]
[www.themes247.net/html5/goodnews/javascript/bootstrap.min.js]
[www.themes247.net/html5/goodnews/javascript/jquery.easing.js]
[www.themes247.net/html5/goodnews/javascript/matchMedia.js]
[www.themes247.net/html5/goodnews/javascript/jquery-waypoints.js]
[www.themes247.net/html5/goodnews/javascript/jquery.flexslider.js]
[www.themes247.net/html5/goodnews/javascript/jquery.transit.js]
[www.themes247.net/html5/goodnews/javascript/jquery.leanModal.min.js]
[www.themes247.net/html5/goodnews/javascript/jquery.tweet.min.js]
[www.themes247.net/html5/goodnews/javascript/jquery.cookie.js]
[www.themes247.net/html5/goodnews/javascript/switcher.js]
[www.themes247.net/html5/goodnews/javascript/jquery.doubletaptogo.js]
[www.themes247.net/html5/goodnews/javascript/smoothscroll.js]
[www.themes247.net/html5/goodnews/javascript/main.js]
[www.themes247.net/html5/goodnews/index.html]
[www.themes247.net/html5/goodnews/index-2.html]
[www.themes247.net/html5/goodnews/images/banner.jpg]
[www.themes247.net/html5/goodnews/images/thumbs/10.jpg]
[www.themes247.net/html5/goodnews/images/thumbs/10-2.jpg]
[www.themes247.net/html5/goodnews/index-banner.html]
[www.themes247.net/html5/goodnews/images/thumbs/10-3.jpg]
[www.themes247.net/html5/goodnews/index-custom.html]
[www.themes247.net/html5/goodnews/images/image-content.jpg]
[www.themes247.net/html5/goodnews/javascript/jquery.mCustomScrollbar.js]
[www.themes247.net/html5/goodnews/article-endless.html]
[www.themes247.net/html5/goodnews/images/author.jpg]
[www.themes247.net/html5/goodnews/article-detail.html]
[www.themes247.net/html5/goodnews/category-hide-navigation.html]
[www.themes247.net/html5/goodnews/javascript/gmap3.min.js]
[www.themes247.net/html5/goodnews/contact.html]
[www.themes247.net/html5/goodnews/images/gallery/3.jpg]
[www.themes247.net/html5/goodnews/images/gallery/4.jpg]
[www.themes247.net/html5/goodnews/images/gallery/5.jpg]
[www.themes247.net/html5/goodnews/about.html]
[www.themes247.net/html5/goodnews/login.html]
[www.themes247.net/html5/goodnews/404.html]
[www.themes247.net/html5/goodnews/category.html]
[www.themes247.net/html5/goodnews/images/gallery/1.jpg]
[www.themes247.net/html5/goodnews/images/gallery/2.jpg]
[www.themes247.net/html5/goodnews/images/gallery/1s.jpg]
[www.themes247.net/html5/goodnews/images/gallery/2s.jpg]
[www.themes247.net/html5/goodnews/ui-elements.html]
[www.themes247.net/html5/goodnews/twitter/index.html]
[fonts.googleapis.com/cssd767.css]
[fonts.googleapis.com/css2b6b.css]
[www.themes247.net/html5/goodnews/stylesheets/bootstrap.css]
[www.themes247.net/html5/goodnews/images/search-mobi.png]
[www.themes247.net/html5/goodnews/images/menu.png]
[www.themes247.net/html5/goodnews/images/toggle-panel.png]
[www.themes247.net/html5/goodnews/images/search.png]
[www.themes247.net/html5/goodnews/images/banner-overlay.png]
[www.themes247.net/html5/goodnews/images/loading.png]
[www.themes247.net/html5/goodnews/images/search-mobi@2x.png]
[www.themes247.net/html5/goodnews/images/menu@2x.png]
[www.themes247.net/html5/goodnews/images/toggle-panel@2x.png]
[www.themes247.net/html5/goodnews/images/search@2x.png]
[www.themes247.net/html5/goodnews/images/button-pause@2x.png]
[www.themes247.net/html5/goodnews/images/checkbox@2x.png]
[www.themes247.net/html5/goodnews/images/radio@2x.png]
[www.themes247.net/html5/goodnews/images/gallery@2x.png]
[www.themes247.net/html5/goodnews/stylesheets/style.css]
[www.themes247.net/html5/goodnews/stylesheets/colors/color1.css]
[www.themes247.net/html5/goodnews/stylesheets/animate.css]
[www.themes247.net/html5/goodnews/images/logo.svg]
[www.themes247.net/html5/goodnews/images/logo-footer.svg]
[www.themes247.net/html5/goodnews/images/facebook.svg]
[www.themes247.net/html5/goodnews/images/twitter.svg]
[www.themes247.net/html5/goodnews/images/youtube.svg]
[www.themes247.net/html5/goodnews/images/dribbble.svg]
[www.themes247.net/html5/goodnews/images/logo2.svg]
[www.themes247.net/html5/goodnews/images/gallery/6.html]
[www.themes247.net/html5/goodnews/images/best-price@2x.png]
[www.themes247.net/html5/goodnews/font/fontawesome-webfont862f.eot]
[www.themes247.net/html5/goodnews/font/fontawesome-webfontd41d.eot]
[www.themes247.net/html5/goodnews/font/fontawesome-webfont862f.woff]
[www.themes247.net/html5/goodnews/font/fontawesome-webfont862f.ttf]
[www.themes247.net/html5/goodnews/stylesheets/font-awesome.css]
[www.themes247.net/html5/goodnews/stylesheets/flexslider.css]
[www.themes247.net/html5/goodnews/stylesheets/mCustomScrollbar.css]
[www.themes247.net/html5/goodnews/images/button-pause.png]
[www.themes247.net/html5/goodnews/images/checkbox.png]
[www.themes247.net/html5/goodnews/images/radio.png]
[www.themes247.net/html5/goodnews/images/gallery.png]
[www.themes247.net/html5/goodnews/images/loading.gif]
[www.themes247.net/html5/goodnews/images/best-price.png]
[www.themes247.net/html5/goodnews/stylesheets/shortcodes.css]
[www.themes247.net/html5/goodnews/images/banner-overlay_s.html]
[www.themes247.net/html5/goodnews/font/fontawesome-webfont862f.svg]
